

Version:	3.14
CmdLine:	C:\Users\User\Desktop\Prydatko\out\artifacts\Prydatko_jar\fire.exe --l4j-debug
WOW64:		yes
Working dir:	C:\Users\User\Desktop\Prydatko\out\artifacts\Prydatko_jar\.
Java min ver:	
Java max ver:	
Bundled JRE(s):	jre1.8.0_311
Check launcher:	C:\Users\User\Desktop\Prydatko\out\artifacts\Prydatko_jar\jre1.8.0_311\bin\javaw.exe (OK)
Launcher:	C:\Users\User\Desktop\Prydatko\out\artifacts\Prydatko_jar\jre1.8.0_311\bin\javaw.exe
Launcher args:	-jar "C:\Users\User\Desktop\Prydatko\out\artifacts\Prydatko_jar\fire.exe"
Args length:	73/32768 chars
Exit code:	0


Version:	3.14
CmdLine:	C:\Users\User\Desktop\Prydatko\out\artifacts\Prydatko_jar\fire.exe --l4j-debug
WOW64:		yes
Working dir:	C:\Users\User\Desktop\Prydatko\out\artifacts\Prydatko_jar\.
Java min ver:	
Java max ver:	
Bundled JRE(s):	jre1.8.0_311
Check launcher:	C:\Users\User\Desktop\Prydatko\out\artifacts\Prydatko_jar\jre1.8.0_311\bin\javaw.exe (OK)
Launcher:	C:\Users\User\Desktop\Prydatko\out\artifacts\Prydatko_jar\jre1.8.0_311\bin\javaw.exe
Launcher args:	-jar "C:\Users\User\Desktop\Prydatko\out\artifacts\Prydatko_jar\fire.exe"
Args length:	73/32768 chars
Exit code:	0
